<?xml version="1.0" encoding="UTF-8"?>
<testsuite name="com.mycompany.app.AppTest" tests="1" skipped="0" failures="0" errors="0" timestamp="2016-06-30T10:02:39" hostname="IBM193-PC0CRMUW" time="0.001">
  <properties/>
  <testcase name="testApp" classname="com.mycompany.app.AppTest" time="0.001"/>
  <system-out><![CDATA[]]></system-out>
  <system-err><![CDATA[]]></system-err>
</testsuite>
